[10.371s] DEBUG:colcon:Command line arguments: ['/usr/bin/colcon', 'build']
[10.372s] DEBUG:colcon:Parsed command line arguments: Namespace(log_base=None, log_level=None, verb_name='build', build_base='build', install_base='install', merge_install=False, symlink_install=False, test_result_base=None, continue_on_error=False, executor='parallel', parallel_workers=4, event_handlers=None, ignore_user_meta=False, metas=['./colcon.meta'], base_paths=['.'], packages_ignore=None, packages_ignore_regex=None, paths=None, packages_up_to=None, packages_up_to_regex=None, packages_above=None, packages_above_and_dependencies=None, packages_above_depth=None, packages_select_by_dep=None, packages_skip_by_dep=None, packages_skip_up_to=None, packages_select_build_failed=False, packages_skip_build_finished=False, packages_select_test_failures=False, packages_skip_test_passed=False, packages_select=None, packages_skip=None, packages_select_regex=None, packages_skip_regex=None, packages_start=None, packages_end=None, allow_overriding=[], cmake_args=None, cmake_target=None, cmake_target_skip_unavailable=False, cmake_clean_cache=False, cmake_clean_first=False, cmake_force_configure=False, ament_cmake_args=None, catkin_cmake_args=None, catkin_skip_building_tests=False, mixin_files=None, mixin=None, verb_parser=<colcon_mixin.mixin.mixin_argument.MixinArgumentDecorator object at 0x7b8d262dea20>, verb_extension=<colcon_core.verb.build.BuildVerb object at 0x7b8d25a86c90>, main=<bound method BuildVerb.main of <colcon_core.verb.build.BuildVerb object at 0x7b8d25a86c90>>, mixin_verb=('build',))
[10.701s] Level 1:colcon.colcon_core.package_discovery:discover_packages(colcon_meta) check parameters
[10.702s] Level 1:colcon.colcon_core.package_discovery:discover_packages(recursive) check parameters
[10.702s] Level 1:colcon.colcon_core.package_discovery:discover_packages(ignore) check parameters
[10.702s] Level 1:colcon.colcon_core.package_discovery:discover_packages(path) check parameters
[10.702s] Level 1:colcon.colcon_core.package_discovery:discover_packages(colcon_meta) discover
[10.703s] Level 1:colcon.colcon_core.package_discovery:discover_packages(recursive) discover
[10.703s] INFO:colcon.colcon_core.package_discovery:Crawling recursively for packages in '/home/kkcmaestro/ros2_wsU'
[10.703s] Level 1:colcon.colcon_core.package_identification:_identify(.) by extensions ['ignore', 'ignore_ament_install']
[10.703s] Level 1:colcon.colcon_core.package_identification:_identify(.) by extension 'ignore'
[10.704s] Level 1:colcon.colcon_core.package_identification:_identify(.) by extension 'ignore_ament_install'
[10.704s] Level 1:colcon.colcon_core.package_identification:_identify(.) by extensions ['colcon_pkg']
[10.704s] Level 1:colcon.colcon_core.package_identification:_identify(.) by extension 'colcon_pkg'
[10.704s] Level 1:colcon.colcon_core.package_identification:_identify(.) by extensions ['colcon_meta']
[10.704s] Level 1:colcon.colcon_core.package_identification:_identify(.) by extension 'colcon_meta'
[10.704s] Level 1:colcon.colcon_core.package_identification:_identify(.) by extensions ['ros']
[10.705s] Level 1:colcon.colcon_core.package_identification:_identify(.) by extension 'ros'
[10.954s] Level 1:colcon.colcon_core.package_identification:_identify(.) by extensions ['cmake', 'python']
[10.954s] Level 1:colcon.colcon_core.package_identification:_identify(.) by extension 'cmake'
[10.954s] Level 1:colcon.colcon_core.package_identification:_identify(.) by extension 'python'
[10.954s] Level 1:colcon.colcon_core.package_identification:_identify(.) by extensions ['python_setup_py']
[10.954s] Level 1:colcon.colcon_core.package_identification:_identify(.) by extension 'python_setup_py'
[10.954s] Level 1:colcon.colcon_core.package_identification:_identify(build) by extensions ['ignore', 'ignore_ament_install']
[10.955s] Level 1:colcon.colcon_core.package_identification:_identify(build) by extension 'ignore'
[10.955s] Level 1:colcon.colcon_core.package_identification:_identify(build) ignored
[10.955s] Level 1:colcon.colcon_core.package_identification:_identify(install) by extensions ['ignore', 'ignore_ament_install']
[10.955s] Level 1:colcon.colcon_core.package_identification:_identify(install) by extension 'ignore'
[10.955s] Level 1:colcon.colcon_core.package_identification:_identify(install) ignored
[10.955s] Level 1:colcon.colcon_core.package_identification:_identify(log) by extensions ['ignore', 'ignore_ament_install']
[10.956s] Level 1:colcon.colcon_core.package_identification:_identify(log) by extension 'ignore'
[10.956s] Level 1:colcon.colcon_core.package_identification:_identify(log) ignored
[10.956s] Level 1:colcon.colcon_core.package_identification:_identify(src) by extensions ['ignore', 'ignore_ament_install']
[10.956s] Level 1:colcon.colcon_core.package_identification:_identify(src) by extension 'ignore'
[10.956s] Level 1:colcon.colcon_core.package_identification:_identify(src) by extension 'ignore_ament_install'
[10.956s] Level 1:colcon.colcon_core.package_identification:_identify(src) by extensions ['colcon_pkg']
[10.956s] Level 1:colcon.colcon_core.package_identification:_identify(src) by extension 'colcon_pkg'
[10.956s] Level 1:colcon.colcon_core.package_identification:_identify(src) by extensions ['colcon_meta']
[10.957s] Level 1:colcon.colcon_core.package_identification:_identify(src) by extension 'colcon_meta'
[10.957s] Level 1:colcon.colcon_core.package_identification:_identify(src) by extensions ['ros']
[10.957s] Level 1:colcon.colcon_core.package_identification:_identify(src) by extension 'ros'
[10.957s] Level 1:colcon.colcon_core.package_identification:_identify(src) by extensions ['cmake', 'python']
[10.957s] Level 1:colcon.colcon_core.package_identification:_identify(src) by extension 'cmake'
[10.957s] Level 1:colcon.colcon_core.package_identification:_identify(src) by extension 'python'
[10.957s] Level 1:colcon.colcon_core.package_identification:_identify(src) by extensions ['python_setup_py']
[10.957s] Level 1:colcon.colcon_core.package_identification:_identify(src) by extension 'python_setup_py'
[10.957s] Level 1:colcon.colcon_core.package_identification:_identify(src/Ubox) by extensions ['ignore', 'ignore_ament_install']
[10.958s] Level 1:colcon.colcon_core.package_identification:_identify(src/Ubox) by extension 'ignore'
[10.958s] Level 1:colcon.colcon_core.package_identification:_identify(src/Ubox) by extension 'ignore_ament_install'
[10.958s] Level 1:colcon.colcon_core.package_identification:_identify(src/Ubox) by extensions ['colcon_pkg']
[10.958s] Level 1:colcon.colcon_core.package_identification:_identify(src/Ubox) by extension 'colcon_pkg'
[10.958s] Level 1:colcon.colcon_core.package_identification:_identify(src/Ubox) by extensions ['colcon_meta']
[10.958s] Level 1:colcon.colcon_core.package_identification:_identify(src/Ubox) by extension 'colcon_meta'
[10.958s] Level 1:colcon.colcon_core.package_identification:_identify(src/Ubox) by extensions ['ros']
[10.958s] Level 1:colcon.colcon_core.package_identification:_identify(src/Ubox) by extension 'ros'
[10.963s] DEBUG:colcon.colcon_core.package_identification:Package 'src/Ubox' with type 'ros.ament_cmake' and name 'Ubox'
[10.964s] Level 1:colcon.colcon_core.package_discovery:discover_packages(recursive) using defaults
[10.964s] Level 1:colcon.colcon_core.package_discovery:discover_packages(ignore) discover
[10.964s] Level 1:colcon.colcon_core.package_discovery:discover_packages(ignore) using defaults
[10.964s] Level 1:colcon.colcon_core.package_discovery:discover_packages(path) discover
[10.964s] Level 1:colcon.colcon_core.package_discovery:discover_packages(path) using defaults
[11.145s] Level 1:colcon.colcon_core.package_discovery:discover_packages(prefix_path) check parameters
[11.146s] Level 1:colcon.colcon_core.package_discovery:discover_packages(prefix_path) discover
[11.264s] DEBUG:colcon.colcon_installed_package_information.package_discovery:Found 1 installed packages in /home/kkcmaestro/ros2_un1/install
[11.282s] DEBUG:colcon.colcon_installed_package_information.package_discovery:Found 2 installed packages in /home/kkcmaestro/ros2_ws/install
[11.301s] DEBUG:colcon.colcon_installed_package_information.package_discovery:Found 285 installed packages in /opt/ros/jazzy
[11.309s] Level 1:colcon.colcon_core.package_discovery:discover_packages(prefix_path) using defaults
[11.960s] Level 5:colcon.colcon_core.verb:set package 'Ubox' build argument 'cmake_args' from command line to 'None'
[11.960s] Level 5:colcon.colcon_core.verb:set package 'Ubox' build argument 'cmake_target' from command line to 'None'
[11.960s] Level 5:colcon.colcon_core.verb:set package 'Ubox' build argument 'cmake_target_skip_unavailable' from command line to 'False'
[11.960s] Level 5:colcon.colcon_core.verb:set package 'Ubox' build argument 'cmake_clean_cache' from command line to 'False'
[11.960s] Level 5:colcon.colcon_core.verb:set package 'Ubox' build argument 'cmake_clean_first' from command line to 'False'
[11.960s] Level 5:colcon.colcon_core.verb:set package 'Ubox' build argument 'cmake_force_configure' from command line to 'False'
[11.960s] Level 5:colcon.colcon_core.verb:set package 'Ubox' build argument 'ament_cmake_args' from command line to 'None'
[11.960s] Level 5:colcon.colcon_core.verb:set package 'Ubox' build argument 'catkin_cmake_args' from command line to 'None'
[11.960s] Level 5:colcon.colcon_core.verb:set package 'Ubox' build argument 'catkin_skip_building_tests' from command line to 'False'
[11.960s] DEBUG:colcon.colcon_core.verb:Building package 'Ubox' with the following arguments: {'ament_cmake_args': None, 'build_base': '/home/kkcmaestro/ros2_wsU/build/Ubox', 'catkin_cmake_args': None, 'catkin_skip_building_tests': False, 'cmake_args': None, 'cmake_clean_cache': False, 'cmake_clean_first': False, 'cmake_force_configure': False, 'cmake_target': None, 'cmake_target_skip_unavailable': False, 'install_base': '/home/kkcmaestro/ros2_wsU/install/Ubox', 'merge_install': False, 'path': '/home/kkcmaestro/ros2_wsU/src/Ubox', 'symlink_install': False, 'test_result_base': None}
[11.960s] INFO:colcon.colcon_core.executor:Executing jobs using 'parallel' executor
[11.962s] DEBUG:colcon.colcon_parallel_executor.executor.parallel:run_until_complete
[11.962s] INFO:colcon.colcon_ros.task.ament_cmake.build:Building ROS package in '/home/kkcmaestro/ros2_wsU/src/Ubox' with build type 'ament_cmake'
[11.962s] INFO:colcon.colcon_cmake.task.cmake.build:Building CMake package in '/home/kkcmaestro/ros2_wsU/src/Ubox'
[12.013s] INFO:colcon.colcon_core.plugin_system:Skipping extension 'colcon_core.shell.bat': Not used on non-Windows systems
[12.014s] INFO:colcon.colcon_core.shell:Skip shell extension 'powershell' for command environment: Not usable outside of PowerShell
[12.014s] DEBUG:colcon.colcon_core.shell:Skip shell extension 'dsv' for command environment
[12.061s] DEBUG:colcon.colcon_core.event_handler.log_command:Invoking command in '/home/kkcmaestro/ros2_wsU/build/Ubox': CMAKE_PREFIX_PATH=${CMAKE_PREFIX_PATH}:/home/kkcmaestro/ros2_ws/install/my_robot_controller2:/opt/ros/jazzy DEBUGINFOD_URLS=https://debuginfod.ubuntu.com /usr/bin/cmake /home/kkcmaestro/ros2_wsU/src/Ubox -DCMAKE_INSTALL_PREFIX=/home/kkcmaestro/ros2_wsU/install/Ubox
[18.958s] DEBUG:colcon.colcon_core.event_handler.log_command:Invoked command in '/home/kkcmaestro/ros2_wsU/build/Ubox' returned '0': CMAKE_PREFIX_PATH=${CMAKE_PREFIX_PATH}:/home/kkcmaestro/ros2_ws/install/my_robot_controller2:/opt/ros/jazzy DEBUGINFOD_URLS=https://debuginfod.ubuntu.com /usr/bin/cmake /home/kkcmaestro/ros2_wsU/src/Ubox -DCMAKE_INSTALL_PREFIX=/home/kkcmaestro/ros2_wsU/install/Ubox
[18.961s] DEBUG:colcon.colcon_core.event_handler.log_command:Invoking command in '/home/kkcmaestro/ros2_wsU/build/Ubox': CMAKE_PREFIX_PATH=${CMAKE_PREFIX_PATH}:/home/kkcmaestro/ros2_ws/install/my_robot_controller2:/opt/ros/jazzy DEBUGINFOD_URLS=https://debuginfod.ubuntu.com /usr/bin/cmake --build /home/kkcmaestro/ros2_wsU/build/Ubox -- -j4 -l4
[19.032s] DEBUG:colcon.colcon_core.event_handler.log_command:Invoked command in '/home/kkcmaestro/ros2_wsU/build/Ubox' returned '0': CMAKE_PREFIX_PATH=${CMAKE_PREFIX_PATH}:/home/kkcmaestro/ros2_ws/install/my_robot_controller2:/opt/ros/jazzy DEBUGINFOD_URLS=https://debuginfod.ubuntu.com /usr/bin/cmake --build /home/kkcmaestro/ros2_wsU/build/Ubox -- -j4 -l4
[19.046s] DEBUG:colcon.colcon_core.event_handler.log_command:Invoking command in '/home/kkcmaestro/ros2_wsU/build/Ubox': CMAKE_PREFIX_PATH=${CMAKE_PREFIX_PATH}:/home/kkcmaestro/ros2_ws/install/my_robot_controller2:/opt/ros/jazzy DEBUGINFOD_URLS=https://debuginfod.ubuntu.com /usr/bin/cmake --install /home/kkcmaestro/ros2_wsU/build/Ubox
[19.064s] Level 1:colcon.colcon_core.environment:create_environment_scripts_only(Ubox)
[19.065s] DEBUG:colcon.colcon_core.event_handler.log_command:Invoked command in '/home/kkcmaestro/ros2_wsU/build/Ubox' returned '0': CMAKE_PREFIX_PATH=${CMAKE_PREFIX_PATH}:/home/kkcmaestro/ros2_ws/install/my_robot_controller2:/opt/ros/jazzy DEBUGINFOD_URLS=https://debuginfod.ubuntu.com /usr/bin/cmake --install /home/kkcmaestro/ros2_wsU/build/Ubox
[19.085s] Level 1:colcon.colcon_core.environment:checking '/home/kkcmaestro/ros2_wsU/install/Ubox' for CMake module files
[19.086s] Level 1:colcon.colcon_core.environment:checking '/home/kkcmaestro/ros2_wsU/install/Ubox' for CMake config files
[19.086s] Level 1:colcon.colcon_core.shell:create_environment_hook('Ubox', 'cmake_prefix_path')
[19.086s] INFO:colcon.colcon_core.shell:Creating environment hook '/home/kkcmaestro/ros2_wsU/install/Ubox/share/Ubox/hook/cmake_prefix_path.ps1'
[19.087s] INFO:colcon.colcon_core.shell:Creating environment descriptor '/home/kkcmaestro/ros2_wsU/install/Ubox/share/Ubox/hook/cmake_prefix_path.dsv'
[19.101s] INFO:colcon.colcon_core.shell:Creating environment hook '/home/kkcmaestro/ros2_wsU/install/Ubox/share/Ubox/hook/cmake_prefix_path.sh'
[19.103s] Level 1:colcon.colcon_core.environment:checking '/home/kkcmaestro/ros2_wsU/install/Ubox/bin'
[19.103s] Level 1:colcon.colcon_core.environment:checking '/home/kkcmaestro/ros2_wsU/install/Ubox/lib/pkgconfig/Ubox.pc'
[19.103s] Level 1:colcon.colcon_core.environment:checking '/home/kkcmaestro/ros2_wsU/install/Ubox/lib/python3.12/site-packages'
[19.103s] Level 1:colcon.colcon_core.environment:checking '/home/kkcmaestro/ros2_wsU/install/Ubox/bin'
[19.104s] INFO:colcon.colcon_core.shell:Creating package script '/home/kkcmaestro/ros2_wsU/install/Ubox/share/Ubox/package.ps1'
[19.110s] INFO:colcon.colcon_core.shell:Creating package descriptor '/home/kkcmaestro/ros2_wsU/install/Ubox/share/Ubox/package.dsv'
[19.111s] INFO:colcon.colcon_core.shell:Creating package script '/home/kkcmaestro/ros2_wsU/install/Ubox/share/Ubox/package.sh'
[19.112s] INFO:colcon.colcon_core.shell:Creating package script '/home/kkcmaestro/ros2_wsU/install/Ubox/share/Ubox/package.bash'
[19.114s] INFO:colcon.colcon_core.shell:Creating package script '/home/kkcmaestro/ros2_wsU/install/Ubox/share/Ubox/package.zsh'
[19.125s] Level 1:colcon.colcon_core.environment:create_file_with_runtime_dependencies(/home/kkcmaestro/ros2_wsU/install/Ubox/share/colcon-core/packages/Ubox)
[19.126s] Level 1:colcon.colcon_core.environment:create_environment_scripts_only(Ubox)
[19.126s] Level 1:colcon.colcon_core.environment:checking '/home/kkcmaestro/ros2_wsU/install/Ubox' for CMake module files
[19.127s] Level 1:colcon.colcon_core.environment:checking '/home/kkcmaestro/ros2_wsU/install/Ubox' for CMake config files
[19.127s] Level 1:colcon.colcon_core.shell:create_environment_hook('Ubox', 'cmake_prefix_path')
[19.127s] INFO:colcon.colcon_core.shell:Creating environment hook '/home/kkcmaestro/ros2_wsU/install/Ubox/share/Ubox/hook/cmake_prefix_path.ps1'
[19.128s] INFO:colcon.colcon_core.shell:Creating environment descriptor '/home/kkcmaestro/ros2_wsU/install/Ubox/share/Ubox/hook/cmake_prefix_path.dsv'
[19.128s] INFO:colcon.colcon_core.shell:Creating environment hook '/home/kkcmaestro/ros2_wsU/install/Ubox/share/Ubox/hook/cmake_prefix_path.sh'
[19.129s] Level 1:colcon.colcon_core.environment:checking '/home/kkcmaestro/ros2_wsU/install/Ubox/bin'
[19.129s] Level 1:colcon.colcon_core.environment:checking '/home/kkcmaestro/ros2_wsU/install/Ubox/lib/pkgconfig/Ubox.pc'
[19.129s] Level 1:colcon.colcon_core.environment:checking '/home/kkcmaestro/ros2_wsU/install/Ubox/lib/python3.12/site-packages'
[19.130s] Level 1:colcon.colcon_core.environment:checking '/home/kkcmaestro/ros2_wsU/install/Ubox/bin'
[19.130s] INFO:colcon.colcon_core.shell:Creating package script '/home/kkcmaestro/ros2_wsU/install/Ubox/share/Ubox/package.ps1'
[19.131s] INFO:colcon.colcon_core.shell:Creating package descriptor '/home/kkcmaestro/ros2_wsU/install/Ubox/share/Ubox/package.dsv'
[19.131s] INFO:colcon.colcon_core.shell:Creating package script '/home/kkcmaestro/ros2_wsU/install/Ubox/share/Ubox/package.sh'
[19.132s] INFO:colcon.colcon_core.shell:Creating package script '/home/kkcmaestro/ros2_wsU/install/Ubox/share/Ubox/package.bash'
[19.132s] INFO:colcon.colcon_core.shell:Creating package script '/home/kkcmaestro/ros2_wsU/install/Ubox/share/Ubox/package.zsh'
[19.133s] Level 1:colcon.colcon_core.environment:create_file_with_runtime_dependencies(/home/kkcmaestro/ros2_wsU/install/Ubox/share/colcon-core/packages/Ubox)
[19.133s] DEBUG:colcon.colcon_parallel_executor.executor.parallel:closing loop
[19.133s] DEBUG:colcon.colcon_parallel_executor.executor.parallel:loop closed
[19.133s] DEBUG:colcon.colcon_parallel_executor.executor.parallel:run_until_complete finished with '0'
[19.133s] DEBUG:colcon.colcon_core.event_reactor:joining thread
[19.157s] INFO:colcon.colcon_core.plugin_system:Skipping extension 'colcon_notification.desktop_notification.terminal_notifier': Not used on non-Darwin systems
[19.157s] INFO:colcon.colcon_core.plugin_system:Skipping extension 'colcon_notification.desktop_notification.win32': Not used on non-Windows systems
[19.157s] INFO:colcon.colcon_notification.desktop_notification:Sending desktop notification using 'notify2'
[19.222s] DEBUG:colcon.colcon_core.event_reactor:joined thread
[19.222s] INFO:colcon.colcon_core.shell:Creating prefix script '/home/kkcmaestro/ros2_wsU/install/local_setup.ps1'
[19.224s] INFO:colcon.colcon_core.shell:Creating prefix util module '/home/kkcmaestro/ros2_wsU/install/_local_setup_util_ps1.py'
[19.236s] INFO:colcon.colcon_core.shell:Creating prefix chain script '/home/kkcmaestro/ros2_wsU/install/setup.ps1'
[19.238s] INFO:colcon.colcon_core.shell:Creating prefix script '/home/kkcmaestro/ros2_wsU/install/local_setup.sh'
[19.239s] INFO:colcon.colcon_core.shell:Creating prefix util module '/home/kkcmaestro/ros2_wsU/install/_local_setup_util_sh.py'
[19.240s] INFO:colcon.colcon_core.shell:Creating prefix chain script '/home/kkcmaestro/ros2_wsU/install/setup.sh'
[19.242s] INFO:colcon.colcon_core.shell:Creating prefix script '/home/kkcmaestro/ros2_wsU/install/local_setup.bash'
[19.242s] INFO:colcon.colcon_core.shell:Creating prefix chain script '/home/kkcmaestro/ros2_wsU/install/setup.bash'
[19.243s] INFO:colcon.colcon_core.shell:Creating prefix script '/home/kkcmaestro/ros2_wsU/install/local_setup.zsh'
[19.244s] INFO:colcon.colcon_core.shell:Creating prefix chain script '/home/kkcmaestro/ros2_wsU/install/setup.zsh'
