-- The C compiler identification is GNU 13.2.0
-- The CXX compiler identification is GNU 13.2.0
-- Detecting C compiler ABI info
-- Detecting C compiler ABI info - done
-- Check for working C compiler: /usr/bin/cc - skipped
-- Detecting C compile features
-- Detecting C compile features - done
-- Detecting CXX compiler ABI info
-- Detecting CXX compiler ABI info - done
-- Check for working CXX compiler: /usr/bin/c++ - skipped
-- Detecting CXX compile features
-- Detecting CXX compile features - done
-- Found ament_cmake: 2.5.2 (/opt/ros/jazzy/share/ament_cmake/cmake)
-- Found Python3: /usr/bin/python3 (found version "3.12.3") found components: Interpreter 
-- Found rclcpp: 28.1.5 (/opt/ros/jazzy/share/rclcpp/cmake)
-- Found rosidl_generator_c: 4.6.4 (/opt/ros/jazzy/share/rosidl_generator_c/cmake)
-- Found rosidl_generator_cpp: 4.6.4 (/opt/ros/jazzy/share/rosidl_generator_cpp/cmake)
-- Using all available rosidl_typesupport_c: rosidl_typesupport_fastrtps_c;rosidl_typesupport_introspection_c
-- Using all available rosidl_typesupport_cpp: rosidl_typesupport_fastrtps_cpp;rosidl_typesupport_introspection_cpp
-- Found rmw_implementation_cmake: 7.3.1 (/opt/ros/jazzy/share/rmw_implementation_cmake/cmake)
-- Found rmw_fastrtps_cpp: 8.4.1 (/opt/ros/jazzy/share/rmw_fastrtps_cpp/cmake)
-- Found OpenSSL: /usr/lib/x86_64-linux-gnu/libcrypto.so (found version "3.0.13")  
-- Found FastRTPS: /opt/ros/jazzy/include (Required is at least version "2.13") 
-- Using RMW implementation 'rmw_fastrtps_cpp' as default
-- Found rclpy: 7.1.2 (/opt/ros/jazzy/share/rclpy/cmake)
-- Found geometry_msgs: 5.3.5 (/opt/ros/jazzy/share/geometry_msgs/cmake)
WARNING: Package name "Ubox" does not follow the naming conventions. It should start with a lower case letter and only contain lower case letters, digits, underscores, and dashes.
-- Configuring done (6.7s)
-- Generating done (0.0s)
-- Build files have been written to: /home/kkcmaestro/ros2_wsU/build/Ubox
-- Install configuration: ""
-- Installing: /home/kkcmaestro/ros2_wsU/install/Ubox/share/ament_index/resource_index/package_run_dependencies/Ubox
-- Installing: /home/kkcmaestro/ros2_wsU/install/Ubox/share/ament_index/resource_index/parent_prefix_path/Ubox
-- Installing: /home/kkcmaestro/ros2_wsU/install/Ubox/share/Ubox/environment/ament_prefix_path.sh
-- Installing: /home/kkcmaestro/ros2_wsU/install/Ubox/share/Ubox/environment/ament_prefix_path.dsv
-- Installing: /home/kkcmaestro/ros2_wsU/install/Ubox/share/Ubox/environment/path.sh
-- Installing: /home/kkcmaestro/ros2_wsU/install/Ubox/share/Ubox/environment/path.dsv
-- Installing: /home/kkcmaestro/ros2_wsU/install/Ubox/share/Ubox/local_setup.bash
-- Installing: /home/kkcmaestro/ros2_wsU/install/Ubox/share/Ubox/local_setup.sh
-- Installing: /home/kkcmaestro/ros2_wsU/install/Ubox/share/Ubox/local_setup.zsh
-- Installing: /home/kkcmaestro/ros2_wsU/install/Ubox/share/Ubox/local_setup.dsv
-- Installing: /home/kkcmaestro/ros2_wsU/install/Ubox/share/Ubox/package.dsv
-- Installing: /home/kkcmaestro/ros2_wsU/install/Ubox/share/ament_index/resource_index/packages/Ubox
-- Installing: /home/kkcmaestro/ros2_wsU/install/Ubox/share/Ubox/cmake/UboxConfig.cmake
-- Installing: /home/kkcmaestro/ros2_wsU/install/Ubox/share/Ubox/cmake/UboxConfig-version.cmake
-- Installing: /home/kkcmaestro/ros2_wsU/install/Ubox/share/Ubox/package.xml
