[0.041s] Invoking command in '/home/kkcmaestro/ros2_wsU/build/Ubox': CMAKE_PREFIX_PATH=${CMAKE_PREFIX_PATH}:/home/kkcmaestro/ros2_ws/install/my_robot_controller2:/opt/ros/jazzy DEBUGINFOD_URLS=https://debuginfod.ubuntu.com /usr/bin/cmake --build /home/kkcmaestro/ros2_wsU/build/Ubox -- -j4 -l4
[0.355s] [ 50%] Built target cpp_exe
[0.366s] [100%] Built target velocity_publisher
[0.382s] Invoked command in '/home/kkcmaestro/ros2_wsU/build/Ubox' returned '0': CMAKE_PREFIX_PATH=${CMAKE_PREFIX_PATH}:/home/kkcmaestro/ros2_ws/install/my_robot_controller2:/opt/ros/jazzy DEBUGINFOD_URLS=https://debuginfod.ubuntu.com /usr/bin/cmake --build /home/kkcmaestro/ros2_wsU/build/Ubox -- -j4 -l4
[0.411s] Invoking command in '/home/kkcmaestro/ros2_wsU/build/Ubox': CMAKE_PREFIX_PATH=${CMAKE_PREFIX_PATH}:/home/kkcmaestro/ros2_ws/install/my_robot_controller2:/opt/ros/jazzy DEBUGINFOD_URLS=https://debuginfod.ubuntu.com /usr/bin/cmake --install /home/kkcmaestro/ros2_wsU/build/Ubox
[0.422s] -- Install configuration: ""
[0.466s] -- Up-to-date: /home/kkcmaestro/ros2_wsU/install/Ubox/lib/Ubox/cpp_exe
[0.512s] -- Up-to-date: /home/kkcmaestro/ros2_wsU/install/Ubox/lib/Ubox/velocity_publisher
[0.514s] -- Up-to-date: /home/kkcmaestro/ros2_wsU/install/Ubox/share/ament_index/resource_index/package_run_dependencies/Ubox
[0.516s] -- Up-to-date: /home/kkcmaestro/ros2_wsU/install/Ubox/share/ament_index/resource_index/parent_prefix_path/Ubox
[0.517s] -- Up-to-date: /home/kkcmaestro/ros2_wsU/install/Ubox/share/Ubox/environment/ament_prefix_path.sh
[0.518s] -- Up-to-date: /home/kkcmaestro/ros2_wsU/install/Ubox/share/Ubox/environment/ament_prefix_path.dsv
[0.519s] -- Up-to-date: /home/kkcmaestro/ros2_wsU/install/Ubox/share/Ubox/environment/path.sh
[0.520s] -- Up-to-date: /home/kkcmaestro/ros2_wsU/install/Ubox/share/Ubox/environment/path.dsv
[0.520s] -- Up-to-date: /home/kkcmaestro/ros2_wsU/install/Ubox/share/Ubox/local_setup.bash
[0.521s] -- Up-to-date: /home/kkcmaestro/ros2_wsU/install/Ubox/share/Ubox/local_setup.sh
[0.522s] -- Up-to-date: /home/kkcmaestro/ros2_wsU/install/Ubox/share/Ubox/local_setup.zsh
[0.522s] -- Up-to-date: /home/kkcmaestro/ros2_wsU/install/Ubox/share/Ubox/local_setup.dsv
[0.523s] -- Installing: /home/kkcmaestro/ros2_wsU/install/Ubox/share/Ubox/package.dsv
[0.534s] -- Up-to-date: /home/kkcmaestro/ros2_wsU/install/Ubox/share/ament_index/resource_index/packages/Ubox
[0.535s] -- Up-to-date: /home/kkcmaestro/ros2_wsU/install/Ubox/share/Ubox/cmake/UboxConfig.cmake
[0.536s] -- Up-to-date: /home/kkcmaestro/ros2_wsU/install/Ubox/share/Ubox/cmake/UboxConfig-version.cmake
[0.538s] -- Up-to-date: /home/kkcmaestro/ros2_wsU/install/Ubox/share/Ubox/package.xml
[0.545s] Invoked command in '/home/kkcmaestro/ros2_wsU/build/Ubox' returned '0': CMAKE_PREFIX_PATH=${CMAKE_PREFIX_PATH}:/home/kkcmaestro/ros2_ws/install/my_robot_controller2:/opt/ros/jazzy DEBUGINFOD_URLS=https://debuginfod.ubuntu.com /usr/bin/cmake --install /home/kkcmaestro/ros2_wsU/build/Ubox
