[ 75%] [32mBuilding CXX object CMakeFiles/velocity_publisher.dir/src/velocity_publisher.cpp.o[0m
[ 75%] Built target cpp_exe
[100%] [32m[1mLinking CXX executable velocity_publisher[0m
[100%] Built target velocity_publisher
-- Install configuration: ""
-- Up-to-date: /home/kkcmaestro/ros2_wsU/install/Ubox/lib/Ubox/cpp_exe
-- Installing: /home/kkcmaestro/ros2_wsU/install/Ubox/lib/Ubox/velocity_publisher
-- Set non-toolchain portion of runtime path of "/home/kkcmaestro/ros2_wsU/install/Ubox/lib/Ubox/velocity_publisher" to ""
-- Up-to-date: /home/kkcmaestro/ros2_wsU/install/Ubox/share/ament_index/resource_index/package_run_dependencies/Ubox
-- Up-to-date: /home/kkcmaestro/ros2_wsU/install/Ubox/share/ament_index/resource_index/parent_prefix_path/Ubox
-- Up-to-date: /home/kkcmaestro/ros2_wsU/install/Ubox/share/Ubox/environment/ament_prefix_path.sh
-- Up-to-date: /home/kkcmaestro/ros2_wsU/install/Ubox/share/Ubox/environment/ament_prefix_path.dsv
-- Up-to-date: /home/kkcmaestro/ros2_wsU/install/Ubox/share/Ubox/environment/path.sh
-- Up-to-date: /home/kkcmaestro/ros2_wsU/install/Ubox/share/Ubox/environment/path.dsv
-- Up-to-date: /home/kkcmaestro/ros2_wsU/install/Ubox/share/Ubox/local_setup.bash
-- Up-to-date: /home/kkcmaestro/ros2_wsU/install/Ubox/share/Ubox/local_setup.sh
-- Up-to-date: /home/kkcmaestro/ros2_wsU/install/Ubox/share/Ubox/local_setup.zsh
-- Up-to-date: /home/kkcmaestro/ros2_wsU/install/Ubox/share/Ubox/local_setup.dsv
-- Installing: /home/kkcmaestro/ros2_wsU/install/Ubox/share/Ubox/package.dsv
-- Up-to-date: /home/kkcmaestro/ros2_wsU/install/Ubox/share/ament_index/resource_index/packages/Ubox
-- Up-to-date: /home/kkcmaestro/ros2_wsU/install/Ubox/share/Ubox/cmake/UboxConfig.cmake
-- Up-to-date: /home/kkcmaestro/ros2_wsU/install/Ubox/share/Ubox/cmake/UboxConfig-version.cmake
-- Up-to-date: /home/kkcmaestro/ros2_wsU/install/Ubox/share/Ubox/package.xml
