[0.179s] DEBUG:colcon:Command line arguments: ['/usr/bin/colcon', 'build']
[0.179s] DEBUG:colcon:Parsed command line arguments: Namespace(log_base=None, log_level=None, verb_name='build', build_base='build', install_base='install', merge_install=False, symlink_install=False, test_result_base=None, continue_on_error=False, executor='parallel', parallel_workers=4, event_handlers=None, ignore_user_meta=False, metas=['./colcon.meta'], base_paths=['.'], packages_ignore=None, packages_ignore_regex=None, paths=None, packages_up_to=None, packages_up_to_regex=None, packages_above=None, packages_above_and_dependencies=None, packages_above_depth=None, packages_select_by_dep=None, packages_skip_by_dep=None, packages_skip_up_to=None, packages_select_build_failed=False, packages_skip_build_finished=False, packages_select_test_failures=False, packages_skip_test_passed=False, packages_select=None, packages_skip=None, packages_select_regex=None, packages_skip_regex=None, packages_start=None, packages_end=None, allow_overriding=[], cmake_args=None, cmake_target=None, cmake_target_skip_unavailable=False, cmake_clean_cache=False, cmake_clean_first=False, cmake_force_configure=False, ament_cmake_args=None, catkin_cmake_args=None, catkin_skip_building_tests=False, mixin_files=None, mixin=None, verb_parser=<colcon_mixin.mixin.mixin_argument.MixinArgumentDecorator object at 0x706eacb82cc0>, verb_extension=<colcon_core.verb.build.BuildVerb object at 0x706eacb82900>, main=<bound method BuildVerb.main of <colcon_core.verb.build.BuildVerb object at 0x706eacb82900>>, mixin_verb=('build',))
[0.234s] Level 1:colcon.colcon_core.package_discovery:discover_packages(colcon_meta) check parameters
[0.234s] Level 1:colcon.colcon_core.package_discovery:discover_packages(recursive) check parameters
[0.234s] Level 1:colcon.colcon_core.package_discovery:discover_packages(ignore) check parameters
[0.234s] Level 1:colcon.colcon_core.package_discovery:discover_packages(path) check parameters
[0.235s] Level 1:colcon.colcon_core.package_discovery:discover_packages(colcon_meta) discover
[0.235s] Level 1:colcon.colcon_core.package_discovery:discover_packages(recursive) discover
[0.235s] INFO:colcon.colcon_core.package_discovery:Crawling recursively for packages in '/home/kkcmaestro/ros2_wsU'
[0.235s] Level 1:colcon.colcon_core.package_identification:_identify(.) by extensions ['ignore', 'ignore_ament_install']
[0.235s] Level 1:colcon.colcon_core.package_identification:_identify(.) by extension 'ignore'
[0.235s] Level 1:colcon.colcon_core.package_identification:_identify(.) by extension 'ignore_ament_install'
[0.235s] Level 1:colcon.colcon_core.package_identification:_identify(.) by extensions ['colcon_pkg']
[0.235s] Level 1:colcon.colcon_core.package_identification:_identify(.) by extension 'colcon_pkg'
[0.235s] Level 1:colcon.colcon_core.package_identification:_identify(.) by extensions ['colcon_meta']
[0.235s] Level 1:colcon.colcon_core.package_identification:_identify(.) by extension 'colcon_meta'
[0.235s] Level 1:colcon.colcon_core.package_identification:_identify(.) by extensions ['ros']
[0.235s] Level 1:colcon.colcon_core.package_identification:_identify(.) by extension 'ros'
[0.270s] Level 1:colcon.colcon_core.package_identification:_identify(.) by extensions ['cmake', 'python']
[0.270s] Level 1:colcon.colcon_core.package_identification:_identify(.) by extension 'cmake'
[0.270s] Level 1:colcon.colcon_core.package_identification:_identify(.) by extension 'python'
[0.270s] Level 1:colcon.colcon_core.package_identification:_identify(.) by extensions ['python_setup_py']
[0.270s] Level 1:colcon.colcon_core.package_identification:_identify(.) by extension 'python_setup_py'
[0.271s] Level 1:colcon.colcon_core.package_identification:_identify(build) by extensions ['ignore', 'ignore_ament_install']
[0.271s] Level 1:colcon.colcon_core.package_identification:_identify(build) by extension 'ignore'
[0.271s] Level 1:colcon.colcon_core.package_identification:_identify(build) ignored
[0.271s] Level 1:colcon.colcon_core.package_identification:_identify(install) by extensions ['ignore', 'ignore_ament_install']
[0.271s] Level 1:colcon.colcon_core.package_identification:_identify(install) by extension 'ignore'
[0.271s] Level 1:colcon.colcon_core.package_identification:_identify(install) ignored
[0.271s] Level 1:colcon.colcon_core.package_identification:_identify(log) by extensions ['ignore', 'ignore_ament_install']
[0.271s] Level 1:colcon.colcon_core.package_identification:_identify(log) by extension 'ignore'
[0.271s] Level 1:colcon.colcon_core.package_identification:_identify(log) ignored
[0.272s] Level 1:colcon.colcon_core.package_identification:_identify(src) by extensions ['ignore', 'ignore_ament_install']
[0.272s] Level 1:colcon.colcon_core.package_identification:_identify(src) by extension 'ignore'
[0.272s] Level 1:colcon.colcon_core.package_identification:_identify(src) by extension 'ignore_ament_install'
[0.272s] Level 1:colcon.colcon_core.package_identification:_identify(src) by extensions ['colcon_pkg']
[0.272s] Level 1:colcon.colcon_core.package_identification:_identify(src) by extension 'colcon_pkg'
[0.272s] Level 1:colcon.colcon_core.package_identification:_identify(src) by extensions ['colcon_meta']
[0.272s] Level 1:colcon.colcon_core.package_identification:_identify(src) by extension 'colcon_meta'
[0.272s] Level 1:colcon.colcon_core.package_identification:_identify(src) by extensions ['ros']
[0.272s] Level 1:colcon.colcon_core.package_identification:_identify(src) by extension 'ros'
[0.272s] Level 1:colcon.colcon_core.package_identification:_identify(src) by extensions ['cmake', 'python']
[0.272s] Level 1:colcon.colcon_core.package_identification:_identify(src) by extension 'cmake'
[0.272s] Level 1:colcon.colcon_core.package_identification:_identify(src) by extension 'python'
[0.272s] Level 1:colcon.colcon_core.package_identification:_identify(src) by extensions ['python_setup_py']
[0.272s] Level 1:colcon.colcon_core.package_identification:_identify(src) by extension 'python_setup_py'
[0.272s] Level 1:colcon.colcon_core.package_identification:_identify(src/Ubox) by extensions ['ignore', 'ignore_ament_install']
[0.272s] Level 1:colcon.colcon_core.package_identification:_identify(src/Ubox) by extension 'ignore'
[0.273s] Level 1:colcon.colcon_core.package_identification:_identify(src/Ubox) by extension 'ignore_ament_install'
[0.273s] Level 1:colcon.colcon_core.package_identification:_identify(src/Ubox) by extensions ['colcon_pkg']
[0.273s] Level 1:colcon.colcon_core.package_identification:_identify(src/Ubox) by extension 'colcon_pkg'
[0.273s] Level 1:colcon.colcon_core.package_identification:_identify(src/Ubox) by extensions ['colcon_meta']
[0.273s] Level 1:colcon.colcon_core.package_identification:_identify(src/Ubox) by extension 'colcon_meta'
[0.273s] Level 1:colcon.colcon_core.package_identification:_identify(src/Ubox) by extensions ['ros']
[0.273s] Level 1:colcon.colcon_core.package_identification:_identify(src/Ubox) by extension 'ros'
[0.276s] DEBUG:colcon.colcon_core.package_identification:Package 'src/Ubox' with type 'ros.ament_cmake' and name 'Ubox'
[0.276s] Level 1:colcon.colcon_core.package_discovery:discover_packages(recursive) using defaults
[0.276s] Level 1:colcon.colcon_core.package_discovery:discover_packages(ignore) discover
[0.276s] Level 1:colcon.colcon_core.package_discovery:discover_packages(ignore) using defaults
[0.276s] Level 1:colcon.colcon_core.package_discovery:discover_packages(path) discover
[0.276s] Level 1:colcon.colcon_core.package_discovery:discover_packages(path) using defaults
[0.303s] Level 1:colcon.colcon_core.package_discovery:discover_packages(prefix_path) check parameters
[0.303s] Level 1:colcon.colcon_core.package_discovery:discover_packages(prefix_path) discover
[0.305s] DEBUG:colcon.colcon_installed_package_information.package_discovery:Found 1 installed packages in /home/kkcmaestro/ros2_wsU/install
[0.306s] DEBUG:colcon.colcon_installed_package_information.package_discovery:Found 2 installed packages in /home/kkcmaestro/ros2_ws/install
[0.308s] DEBUG:colcon.colcon_installed_package_information.package_discovery:Found 285 installed packages in /opt/ros/jazzy
[0.309s] Level 1:colcon.colcon_core.package_discovery:discover_packages(prefix_path) using defaults
[0.370s] Level 5:colcon.colcon_core.verb:set package 'Ubox' build argument 'cmake_args' from command line to 'None'
[0.370s] Level 5:colcon.colcon_core.verb:set package 'Ubox' build argument 'cmake_target' from command line to 'None'
[0.370s] Level 5:colcon.colcon_core.verb:set package 'Ubox' build argument 'cmake_target_skip_unavailable' from command line to 'False'
[0.371s] Level 5:colcon.colcon_core.verb:set package 'Ubox' build argument 'cmake_clean_cache' from command line to 'False'
[0.371s] Level 5:colcon.colcon_core.verb:set package 'Ubox' build argument 'cmake_clean_first' from command line to 'False'
[0.371s] Level 5:colcon.colcon_core.verb:set package 'Ubox' build argument 'cmake_force_configure' from command line to 'False'
[0.371s] Level 5:colcon.colcon_core.verb:set package 'Ubox' build argument 'ament_cmake_args' from command line to 'None'
[0.371s] Level 5:colcon.colcon_core.verb:set package 'Ubox' build argument 'catkin_cmake_args' from command line to 'None'
[0.371s] Level 5:colcon.colcon_core.verb:set package 'Ubox' build argument 'catkin_skip_building_tests' from command line to 'False'
[0.371s] DEBUG:colcon.colcon_core.verb:Building package 'Ubox' with the following arguments: {'ament_cmake_args': None, 'build_base': '/home/kkcmaestro/ros2_wsU/build/Ubox', 'catkin_cmake_args': None, 'catkin_skip_building_tests': False, 'cmake_args': None, 'cmake_clean_cache': False, 'cmake_clean_first': False, 'cmake_force_configure': False, 'cmake_target': None, 'cmake_target_skip_unavailable': False, 'install_base': '/home/kkcmaestro/ros2_wsU/install/Ubox', 'merge_install': False, 'path': '/home/kkcmaestro/ros2_wsU/src/Ubox', 'symlink_install': False, 'test_result_base': None}
[0.371s] INFO:colcon.colcon_core.executor:Executing jobs using 'parallel' executor
[0.372s] DEBUG:colcon.colcon_parallel_executor.executor.parallel:run_until_complete
[0.372s] INFO:colcon.colcon_ros.task.ament_cmake.build:Building ROS package in '/home/kkcmaestro/ros2_wsU/src/Ubox' with build type 'ament_cmake'
[0.372s] INFO:colcon.colcon_cmake.task.cmake.build:Building CMake package in '/home/kkcmaestro/ros2_wsU/src/Ubox'
[0.378s] INFO:colcon.colcon_core.plugin_system:Skipping extension 'colcon_core.shell.bat': Not used on non-Windows systems
[0.378s] INFO:colcon.colcon_core.shell:Skip shell extension 'powershell' for command environment: Not usable outside of PowerShell
[0.378s] DEBUG:colcon.colcon_core.shell:Skip shell extension 'dsv' for command environment
[0.563s] DEBUG:colcon.colcon_core.event_handler.log_command:Invoking command in '/home/kkcmaestro/ros2_wsU/build/Ubox': CMAKE_PREFIX_PATH=${CMAKE_PREFIX_PATH}:/home/kkcmaestro/ros2_ws/install/my_robot_controller2:/opt/ros/jazzy DEBUGINFOD_URLS=https://debuginfod.ubuntu.com /usr/bin/cmake --build /home/kkcmaestro/ros2_wsU/build/Ubox -- -j4 -l4
[1.157s] DEBUG:colcon.colcon_core.event_handler.log_command:Invoked command in '/home/kkcmaestro/ros2_wsU/build/Ubox' returned '2': CMAKE_PREFIX_PATH=${CMAKE_PREFIX_PATH}:/home/kkcmaestro/ros2_ws/install/my_robot_controller2:/opt/ros/jazzy DEBUGINFOD_URLS=https://debuginfod.ubuntu.com /usr/bin/cmake --build /home/kkcmaestro/ros2_wsU/build/Ubox -- -j4 -l4
[1.159s] Level 1:colcon.colcon_core.environment:create_environment_scripts_only(Ubox)
[1.170s] Level 1:colcon.colcon_core.environment:checking '/home/kkcmaestro/ros2_wsU/install/Ubox' for CMake module files
[1.171s] Level 1:colcon.colcon_core.environment:checking '/home/kkcmaestro/ros2_wsU/install/Ubox' for CMake config files
[1.172s] Level 1:colcon.colcon_core.shell:create_environment_hook('Ubox', 'cmake_prefix_path')
[1.172s] INFO:colcon.colcon_core.shell:Creating environment hook '/home/kkcmaestro/ros2_wsU/install/Ubox/share/Ubox/hook/cmake_prefix_path.ps1'
[1.299s] INFO:colcon.colcon_core.shell:Creating environment descriptor '/home/kkcmaestro/ros2_wsU/install/Ubox/share/Ubox/hook/cmake_prefix_path.dsv'
[1.303s] INFO:colcon.colcon_core.shell:Creating environment hook '/home/kkcmaestro/ros2_wsU/install/Ubox/share/Ubox/hook/cmake_prefix_path.sh'
[1.476s] Level 1:colcon.colcon_core.environment:checking '/home/kkcmaestro/ros2_wsU/install/Ubox/bin'
[1.477s] Level 1:colcon.colcon_core.environment:checking '/home/kkcmaestro/ros2_wsU/install/Ubox/lib/pkgconfig/Ubox.pc'
[1.477s] Level 1:colcon.colcon_core.environment:checking '/home/kkcmaestro/ros2_wsU/install/Ubox/lib/python3.12/site-packages'
[1.478s] Level 1:colcon.colcon_core.environment:checking '/home/kkcmaestro/ros2_wsU/install/Ubox/bin'
[1.479s] INFO:colcon.colcon_core.shell:Creating package script '/home/kkcmaestro/ros2_wsU/install/Ubox/share/Ubox/package.ps1'
[1.633s] INFO:colcon.colcon_core.shell:Creating package descriptor '/home/kkcmaestro/ros2_wsU/install/Ubox/share/Ubox/package.dsv'
[1.638s] INFO:colcon.colcon_core.shell:Creating package script '/home/kkcmaestro/ros2_wsU/install/Ubox/share/Ubox/package.sh'
[1.642s] INFO:colcon.colcon_core.shell:Creating package script '/home/kkcmaestro/ros2_wsU/install/Ubox/share/Ubox/package.bash'
[1.799s] INFO:colcon.colcon_core.shell:Creating package script '/home/kkcmaestro/ros2_wsU/install/Ubox/share/Ubox/package.zsh'
[1.804s] Level 1:colcon.colcon_core.environment:create_file_with_runtime_dependencies(/home/kkcmaestro/ros2_wsU/install/Ubox/share/colcon-core/packages/Ubox)
[1.809s] DEBUG:colcon.colcon_parallel_executor.executor.parallel:closing loop
[1.810s] DEBUG:colcon.colcon_parallel_executor.executor.parallel:loop closed
[1.811s] DEBUG:colcon.colcon_parallel_executor.executor.parallel:run_until_complete finished with '2'
[1.811s] DEBUG:colcon.colcon_core.event_reactor:joining thread
[1.991s] INFO:colcon.colcon_core.plugin_system:Skipping extension 'colcon_notification.desktop_notification.terminal_notifier': Not used on non-Darwin systems
[1.992s] INFO:colcon.colcon_core.plugin_system:Skipping extension 'colcon_notification.desktop_notification.win32': Not used on non-Windows systems
[1.992s] INFO:colcon.colcon_notification.desktop_notification:Sending desktop notification using 'notify2'
[2.267s] DEBUG:colcon.colcon_core.event_reactor:joined thread
[2.267s] INFO:colcon.colcon_core.shell:Creating prefix script '/home/kkcmaestro/ros2_wsU/install/local_setup.ps1'
[2.268s] INFO:colcon.colcon_core.shell:Creating prefix util module '/home/kkcmaestro/ros2_wsU/install/_local_setup_util_ps1.py'
[2.270s] INFO:colcon.colcon_core.shell:Creating prefix chain script '/home/kkcmaestro/ros2_wsU/install/setup.ps1'
[2.271s] INFO:colcon.colcon_core.shell:Creating prefix script '/home/kkcmaestro/ros2_wsU/install/local_setup.sh'
[2.272s] INFO:colcon.colcon_core.shell:Creating prefix util module '/home/kkcmaestro/ros2_wsU/install/_local_setup_util_sh.py'
[2.273s] INFO:colcon.colcon_core.shell:Creating prefix chain script '/home/kkcmaestro/ros2_wsU/install/setup.sh'
[2.274s] INFO:colcon.colcon_core.shell:Creating prefix script '/home/kkcmaestro/ros2_wsU/install/local_setup.bash'
[2.274s] INFO:colcon.colcon_core.shell:Creating prefix chain script '/home/kkcmaestro/ros2_wsU/install/setup.bash'
[2.276s] INFO:colcon.colcon_core.shell:Creating prefix script '/home/kkcmaestro/ros2_wsU/install/local_setup.zsh'
[2.276s] INFO:colcon.colcon_core.shell:Creating prefix chain script '/home/kkcmaestro/ros2_wsU/install/setup.zsh'
