-- Found ament_cmake: 2.5.2 (/opt/ros/jazzy/share/ament_cmake/cmake)
-- Found rclcpp: 28.1.5 (/opt/ros/jazzy/share/rclcpp/cmake)
-- Found rosidl_generator_c: 4.6.4 (/opt/ros/jazzy/share/rosidl_generator_c/cmake)
-- Found rosidl_generator_cpp: 4.6.4 (/opt/ros/jazzy/share/rosidl_generator_cpp/cmake)
-- Using all available rosidl_typesupport_c: rosidl_typesupport_fastrtps_c;rosidl_typesupport_introspection_c
-- Using all available rosidl_typesupport_cpp: rosidl_typesupport_fastrtps_cpp;rosidl_typesupport_introspection_cpp
-- Found rmw_implementation_cmake: 7.3.1 (/opt/ros/jazzy/share/rmw_implementation_cmake/cmake)
-- Found rmw_fastrtps_cpp: 8.4.1 (/opt/ros/jazzy/share/rmw_fastrtps_cpp/cmake)
-- Using RMW implementation 'rmw_fastrtps_cpp' as default
-- Found rclpy: 7.1.2 (/opt/ros/jazzy/share/rclpy/cmake)
-- Found geometry_msgs: 5.3.5 (/opt/ros/jazzy/share/geometry_msgs/cmake)
WARNING: Package name "Ubox" does not follow the naming conventions. It should start with a lower case letter and only contain lower case letters, digits, underscores, and dashes.
-- Configuring done (1.0s)
-- Generating done (0.0s)
-- Build files have been written to: /home/kkcmaestro/ros2_wsU/build/Ubox
[ 50%] [32mBuilding CXX object CMakeFiles/cpp_exe.dir/src/ScriptARos.cpp.o[0m
[100%] [32m[1mLinking CXX executable cpp_exe[0m
[100%] Built target cpp_exe
-- Install configuration: ""
-- Installing: /home/kkcmaestro/ros2_wsU/install/Ubox/lib/Ubox/cpp_exe
-- Set non-toolchain portion of runtime path of "/home/kkcmaestro/ros2_wsU/install/Ubox/lib/Ubox/cpp_exe" to ""
-- Installing: /home/kkcmaestro/ros2_wsU/install/Ubox/share/ament_index/resource_index/package_run_dependencies/Ubox
-- Up-to-date: /home/kkcmaestro/ros2_wsU/install/Ubox/share/ament_index/resource_index/parent_prefix_path/Ubox
-- Up-to-date: /home/kkcmaestro/ros2_wsU/install/Ubox/share/Ubox/environment/ament_prefix_path.sh
-- Up-to-date: /home/kkcmaestro/ros2_wsU/install/Ubox/share/Ubox/environment/ament_prefix_path.dsv
-- Up-to-date: /home/kkcmaestro/ros2_wsU/install/Ubox/share/Ubox/environment/path.sh
-- Up-to-date: /home/kkcmaestro/ros2_wsU/install/Ubox/share/Ubox/environment/path.dsv
-- Up-to-date: /home/kkcmaestro/ros2_wsU/install/Ubox/share/Ubox/local_setup.bash
-- Up-to-date: /home/kkcmaestro/ros2_wsU/install/Ubox/share/Ubox/local_setup.sh
-- Up-to-date: /home/kkcmaestro/ros2_wsU/install/Ubox/share/Ubox/local_setup.zsh
-- Up-to-date: /home/kkcmaestro/ros2_wsU/install/Ubox/share/Ubox/local_setup.dsv
-- Installing: /home/kkcmaestro/ros2_wsU/install/Ubox/share/Ubox/package.dsv
-- Up-to-date: /home/kkcmaestro/ros2_wsU/install/Ubox/share/ament_index/resource_index/packages/Ubox
-- Up-to-date: /home/kkcmaestro/ros2_wsU/install/Ubox/share/Ubox/cmake/UboxConfig.cmake
-- Up-to-date: /home/kkcmaestro/ros2_wsU/install/Ubox/share/Ubox/cmake/UboxConfig-version.cmake
-- Installing: /home/kkcmaestro/ros2_wsU/install/Ubox/share/Ubox/package.xml
